<?xml version="1.0" encoding="UTF-8" ?>
<testsuites>
  <testsuite errors="0" failures="0" hostname="vxml.vbox" id="0" name="TestCall" package="org.jvoicexml.voicexmlunit" tests="4" time="9.591" timestamp="2013-05-30T20:19:35">
      <properties>
[...]
</properties>

      <testcase classname="org.jvoicexml.voicexmlunit.TestCall" name="testVoice" time="0.431" />

      <testcase classname="org.jvoicexml.voicexmlunit.TestCall" name="testDialog" time="8.773" />

      <testcase classname="org.jvoicexml.voicexmlunit.TestCall" name="testFailure" time="0.002" />

      <testcase classname="org.jvoicexml.voicexmlunit.TestCall" name="testSuccess" time="0.001" />

      <system-out><![CDATA[     0 [VoiceXML text server] INFO  oicexml.client.text.TextServer (   271)  text server started at port '6054'
  7561 [VoiceXML text server] INFO  oicexml.client.text.TextServer (   285)  connected to tcp://vxml.vbox:45049
  7602 [VoiceXML text server] DEBUG icexml.client.text.TextMessage (   251)  stream available: 0
  7809 [VoiceXML text server] DEBUG icexml.client.text.TextMessage (   251)  stream available: 114
  7817 [VoiceXML text server] INFO  oicexml.client.text.TextServer (   342)  read TextMessage[INPUT_CLOSED, 1, null]
  7835 [VoiceXML text server] INFO  oicexml.client.text.TextServer (   433)  sent TextMessage[ACK, 1, null]
  7858 [VoiceXML text server] DEBUG icexml.client.text.TextMessage (   251)  stream available: 0
  7973 [VoiceXML text server] DEBUG icexml.client.text.TextMessage (   251)  stream available: 209
  8633 [VoiceXML text server] INFO  oicexml.client.text.TextServer (   342)  read TextMessage[DATA, 2, <?xml version="1.0" encoding="UTF-8" standalone="no"?><speak xmlns="http://www.w3.org/2001/10/synthesis" xmlns:xsi="http://www.w3.org/2001/XMLSchema-instance" version="1.0" xml:lang="en" xsi:schemaLocation="http://www.w3.org/2001/10/synthesis http://www.w3.org/TR/speech-synthesis/synthesis.xsd">test</speak>]
  8638 [VoiceXML text server] INFO  oicexml.client.text.TextServer (   433)  sent TextMessage[ACK, 2, null]
  8646 [VoiceXML text server] DEBUG icexml.client.text.TextMessage (   251)  stream available: 0
  8696 [VoiceXML text server] DEBUG icexml.client.text.TextMessage (   251)  stream available: 114
  8711 [VoiceXML text server] INFO  oicexml.client.text.TextServer (   342)  read TextMessage[BYE, 0, null]
  8716 [VoiceXML text server] INFO  oicexml.client.text.TextServer (   455)  server closed
  8730 [main                ] INFO  oicexml.client.text.TextServer (   444)  text server stopped
]]></system-out>

      <system-err />

  </testsuite>
  <testsuite errors="0" failures="0" hostname="vxml.vbox" id="1" name="TestConversation" package="org.jvoicexml.voicexmlunit" tests="2" time="0.36" timestamp="2013-05-30T20:19:47">
      <properties>
[...]
</properties>

      <testcase classname="org.jvoicexml.voicexmlunit.TestConversation" name="testConversationAdd" time="0.043" />

      <testcase classname="org.jvoicexml.voicexmlunit.TestConversation" name="testConversationNext" time="0.0" />

      <system-out />

      <system-err />

  </testsuite>
  <testsuite errors="0" failures="0" hostname="vxml.vbox" id="2" name="TestSupervisor" package="org.jvoicexml.voicexmlunit" tests="7" time="5.009" timestamp="2013-05-30T20:19:49">
      <properties>
[...]
</properties>

      <testcase classname="org.jvoicexml.voicexmlunit.TestSupervisor" name="testStatements" time="0.022" />

      <testcase classname="org.jvoicexml.voicexmlunit.TestSupervisor" name="testOuput" time="0.106" />

      <testcase classname="org.jvoicexml.voicexmlunit.TestSupervisor" name="testInput" time="0.003" />

      <testcase classname="org.jvoicexml.voicexmlunit.TestSupervisor" name="testDisconnect" time="0.006" />

      <testcase classname="org.jvoicexml.voicexmlunit.TestSupervisor" name="testInputIsOutput" time="0.0" />

      <testcase classname="org.jvoicexml.voicexmlunit.TestSupervisor" name="testOutputIsinput" time="0.067" />

      <testcase classname="org.jvoicexml.voicexmlunit.TestSupervisor" name="testCall" time="4.479" />

      <system-out><![CDATA[     0 [VoiceXML text server] INFO  oicexml.client.text.TextServer (   271)  text server started at port '6034'
  2713 [VoiceXML text server] INFO  oicexml.client.text.TextServer (   285)  connected to tcp://vxml.vbox:38080
  2748 [VoiceXML text server] DEBUG icexml.client.text.TextMessage (   251)  stream available: 0
  2987 [VoiceXML text server] DEBUG icexml.client.text.TextMessage (   251)  stream available: 114
  3010 [VoiceXML text server] INFO  oicexml.client.text.TextServer (   342)  read TextMessage[INPUT_CLOSED, 1, null]
  3031 [VoiceXML text server] INFO  oicexml.client.text.TextServer (   433)  sent TextMessage[ACK, 1, null]
  3056 [VoiceXML text server] DEBUG icexml.client.text.TextMessage (   251)  stream available: 0
  3217 [VoiceXML text server] DEBUG icexml.client.text.TextMessage (   251)  stream available: 209
  3603 [VoiceXML text server] INFO  oicexml.client.text.TextServer (   342)  read TextMessage[DATA, 2, <?xml version="1.0" encoding="UTF-8" standalone="no"?><speak xmlns="http://www.w3.org/2001/10/synthesis" xmlns:xsi="http://www.w3.org/2001/XMLSchema-instance" version="1.0" xml:lang="en" xsi:schemaLocation="http://www.w3.org/2001/10/synthesis http://www.w3.org/TR/speech-synthesis/synthesis.xsd">test</speak>]
  3624 [VoiceXML text server] INFO  oicexml.client.text.TextServer (   433)  sent TextMessage[ACK, 2, null]
  3624 [VoiceXML text server] DEBUG icexml.client.text.TextMessage (   251)  stream available: 0
  3765 [VoiceXML text server] DEBUG icexml.client.text.TextMessage (   251)  stream available: 114
  3766 [VoiceXML text server] INFO  oicexml.client.text.TextServer (   342)  read TextMessage[BYE, 0, null]
  3783 [VoiceXML text server] INFO  oicexml.client.text.TextServer (   455)  server closed
  3942 [main                ] INFO  oicexml.client.text.TextServer (   444)  text server stopped
]]></system-out>

      <system-err />

  </testsuite>
  <testsuite errors="0" failures="0" hostname="vxml.vbox" id="3" name="TestVoice" package="org.jvoicexml.voicexmlunit" tests="2" time="5.729" timestamp="2013-05-30T20:19:57">
      <properties>
[...]
</properties>

      <testcase classname="org.jvoicexml.voicexmlunit.TestVoice" name="testClient" time="0.925" />

      <testcase classname="org.jvoicexml.voicexmlunit.TestVoice" name="testSession" time="4.189" />

      <system-out><![CDATA[     9 [VoiceXML text server] INFO  oicexml.client.text.TextServer (   271)  text server started at port '4711'
  1926 [VoiceXML text server] INFO  oicexml.client.text.TextServer (   285)  connected to tcp://vxml.vbox:37772
  1977 [VoiceXML text server] DEBUG icexml.client.text.TextMessage (   251)  stream available: 0
  2154 [VoiceXML text server] DEBUG icexml.client.text.TextMessage (   251)  stream available: 209
  3063 [VoiceXML text server] INFO  oicexml.client.text.TextServer (   342)  read TextMessage[DATA, 1, <?xml version="1.0" encoding="UTF-8" standalone="no"?><speak xmlns="http://www.w3.org/2001/10/synthesis" xmlns:xsi="http://www.w3.org/2001/XMLSchema-instance" version="1.0" xml:lang="en" xsi:schemaLocation="http://www.w3.org/2001/10/synthesis http://www.w3.org/TR/speech-synthesis/synthesis.xsd">test</speak>]
  3074 [VoiceXML text server] INFO  oicexml.client.text.TextServer (   433)  sent TextMessage[ACK, 1, null]
  3081 [VoiceXML text server] DEBUG icexml.client.text.TextMessage (   251)  stream available: 0
  3123 [VoiceXML text server] DEBUG icexml.client.text.TextMessage (   251)  stream available: 114
  3131 [VoiceXML text server] INFO  oicexml.client.text.TextServer (   342)  read TextMessage[INPUT_CLOSED, 2, null]
  3132 [VoiceXML text server] INFO  oicexml.client.text.TextServer (   433)  sent TextMessage[ACK, 2, null]
  3144 [VoiceXML text server] DEBUG icexml.client.text.TextMessage (   251)  stream available: 0
  3287 [VoiceXML text server] DEBUG icexml.client.text.TextMessage (   251)  stream available: 4
  3318 [VoiceXML text server] DEBUG icexml.client.text.TextMessage (   251)  stream available: 114
  3325 [Thread-1            ] INFO  oicexml.client.text.TextServer (   455)  server closed
  3336 [Thread-1            ] INFO  oicexml.client.text.TextServer (   444)  text server stopped
]]></system-out>

      <system-err />

  </testsuite>
  <testsuite errors="0" failures="0" hostname="vxml.vbox" id="4" name="TestDtmf" package="org.jvoicexml.voicexmlunit.io" tests="2" time="0.744" timestamp="2013-05-30T20:20:05">
      <properties>
[...]
</properties>

      <testcase classname="org.jvoicexml.voicexmlunit.io.TestDtmf" name="testSend" time="0.035" />

      <testcase classname="org.jvoicexml.voicexmlunit.io.TestDtmf" name="testReceive" time="0.166" />

      <system-out />

      <system-err />

  </testsuite>
  <testsuite errors="0" failures="0" hostname="vxml.vbox" id="5" name="TestInput" package="org.jvoicexml.voicexmlunit.io" tests="2" time="1.049" timestamp="2013-05-30T20:20:08">
      <properties>
[...]
</properties>

      <testcase classname="org.jvoicexml.voicexmlunit.io.TestInput" name="testSend" time="0.046" />

      <testcase classname="org.jvoicexml.voicexmlunit.io.TestInput" name="testReceive" time="0.375" />

      <system-out />

      <system-err />

  </testsuite>
  <testsuite errors="0" failures="0" hostname="vxml.vbox" id="6" name="TestOutput" package="org.jvoicexml.voicexmlunit.io" tests="2" time="0.638" timestamp="2013-05-30T20:20:11">
      <properties>
[...]
</properties>

      <testcase classname="org.jvoicexml.voicexmlunit.io.TestOutput" name="testSend" time="0.07" />

      <testcase classname="org.jvoicexml.voicexmlunit.io.TestOutput" name="testReceive" time="0.113" />

      <system-out />

      <system-err />

  </testsuite>
</testsuites>
